<?xml version="1.0" encoding="UTF-8"?>
<!-- Generated by org.testng.reporters.JUnitReportReporter -->
<testsuite skipped="0" hostname="SUJITH" name="com.crm.qa.testcases.HomePageTest" tests="1" failures="0" timestamp="12 Jul 2018 20:53:04 GMT" time="19.770" errors="0">
  <testcase name="verifyHomePageTitleTest" time="19.770" classname="com.crm.qa.testcases.HomePageTest"/>
</testsuite> <!-- com.crm.qa.testcases.HomePageTest -->
