<?xml version="1.0" encoding="UTF-8"?>
<!-- Generated by org.testng.reporters.JUnitReportReporter -->
<testsuite skipped="0" hostname="SUJITH" name="com.crm.qa.testcases.ContactsPageTest" tests="2" failures="0" timestamp="12 Jul 2018 20:52:00 GMT" time="35.671" errors="0">
  <testcase name="verifyContactsPageLabel" time="20.427" classname="com.crm.qa.testcases.ContactsPageTest"/>
  <testcase name="selectSingleContactsTest" time="15.244" classname="com.crm.qa.testcases.ContactsPageTest"/>
</testsuite> <!-- com.crm.qa.testcases.ContactsPageTest -->
