<?xml version="1.0" encoding="UTF-8"?>
<!-- Generated by org.testng.reporters.JUnitReportReporter -->
<testsuite skipped="0" hostname="SUJITH" name="com.crm.qa.testcases.LoginPageTest" tests="1" failures="0" timestamp="12 Jul 2018 20:50:34 GMT" time="9.878" errors="0">
  <testcase name="loginPageTitleTest" time="9.878" classname="com.crm.qa.testcases.LoginPageTest"/>
</testsuite> <!-- com.crm.qa.testcases.LoginPageTest -->
