<?xml version="1.0" encoding="UTF-8"?>
<!-- Generated by org.testng.reporters.JUnitReportReporter -->
<testsuite skipped="0" hostname="SUJITH" name="com.crm.qa.testcases.LoginPageTest" tests="3" failures="0" timestamp="12 Jul 2018 21:38:31 GMT" time="37.757" errors="0">
  <testcase name="loginPageTitleTest" time="9.284" classname="com.crm.qa.testcases.LoginPageTest"/>
  <testcase name="crmLogoImageTest" time="9.930" classname="com.crm.qa.testcases.LoginPageTest"/>
  <testcase name="loginTest" time="18.543" classname="com.crm.qa.testcases.LoginPageTest"/>
</testsuite> <!-- com.crm.qa.testcases.LoginPageTest -->
