<?xml version="1.0" encoding="UTF-8"?>
<!-- Generated by org.testng.reporters.JUnitReportReporter -->
<testsuite skipped="0" hostname="SUJITH" name="com.crm.qa.testcases.HomePageTest" tests="3" failures="0" timestamp="12 Jul 2018 21:38:31 GMT" time="52.469" errors="0">
  <testcase name="verifyHomePageTitleTest" time="17.491" classname="com.crm.qa.testcases.HomePageTest"/>
  <testcase name="verifyUserNameTest" time="18.825" classname="com.crm.qa.testcases.HomePageTest"/>
  <testcase name="verifyContactsLinkTest" time="16.153" classname="com.crm.qa.testcases.HomePageTest"/>
</testsuite> <!-- com.crm.qa.testcases.HomePageTest -->
